c:\users\aminescent\documents\github\ysys\thedll\intermediate\vc143.pdb
c:\users\aminescent\documents\github\ysys\thedll\intermediate\zallocex.obj
c:\users\aminescent\documents\github\ysys\thedll\intermediate\funcs.obj
c:\users\aminescent\documents\github\ysys\thedll\intermediate\dllmain.obj
c:\users\aminescent\documents\github\ysys\thedll\intermediate\discord_worker.obj
c:\users\aminescent\documents\github\ysys\thedll\intermediate\voice_manager.obj
c:\users\aminescent\documents\github\ysys\thedll\intermediate\user_manager.obj
c:\users\aminescent\documents\github\ysys\thedll\intermediate\types.obj
c:\users\aminescent\documents\github\ysys\thedll\intermediate\store_manager.obj
c:\users\aminescent\documents\github\ysys\thedll\intermediate\storage_manager.obj
c:\users\aminescent\documents\github\ysys\thedll\intermediate\relationship_manager.obj
c:\users\aminescent\documents\github\ysys\thedll\intermediate\overlay_manager.obj
c:\users\aminescent\documents\github\ysys\thedll\intermediate\network_manager.obj
c:\users\aminescent\documents\github\ysys\thedll\intermediate\lobby_manager.obj
c:\users\aminescent\documents\github\ysys\thedll\intermediate\image_manager.obj
c:\users\aminescent\documents\github\ysys\thedll\intermediate\core.obj
c:\users\aminescent\documents\github\ysys\thedll\intermediate\application_manager.obj
c:\users\aminescent\documents\github\ysys\thedll\intermediate\activity_manager.obj
c:\users\aminescent\documents\github\ysys\thedll\intermediate\achievement_manager.obj
c:\users\aminescent\documents\github\ysys\thedll\intermediate\zxstring.obj
c:\users\aminescent\documents\github\ysys\thedll\intermediate\skillentry.obj
c:\users\aminescent\documents\github\ysys\thedll\intermediate\winhook.obj
c:\users\aminescent\documents\github\ysys\thedll\intermediate\user.obj
c:\users\aminescent\documents\github\ysys\thedll\intermediate\activeskill.obj
c:\users\aminescent\documents\github\ysys\thedll\intermediate\res.obj
c:\users\aminescent\documents\github\ysys\thedll\intermediate\bosshp.obj
c:\users\aminescent\documents\github\ysys\thedll\intermediate\ijl15.obj
c:\users\aminescent\documents\github\ysys\thedll\intermediate\nmserializable.obj
c:\users\aminescent\documents\github\ysys\thedll\intermediate\nmfunctionobject.obj
c:\users\aminescent\documents\github\ysys\thedll\intermediate\nmdataobject.obj
c:\users\aminescent\documents\github\ysys\thedll\intermediate\maplehook.obj
g:\mapleroot\ijl15.dll
g:\mapleroot\ijl15.lib
g:\mapleroot\ijl15.exp
c:\users\aminescent\documents\github\ysys\thedll\intermediate\ijl15.ipdb
c:\users\aminescent\documents\github\ysys\thedll\intermediate\ijl15.iobj
c:\users\aminescent\documents\github\ysys\thedll\intermediate\ijl15.vcxproj.cppwinrt_comp.rsp
c:\users\aminescent\documents\github\ysys\thedll\intermediate\ijl15.vcxproj.cppwinrt_plat.rsp
c:\users\aminescent\documents\github\ysys\thedll\intermediate\ijl15.vcxproj.mdmerge.rsp
c:\users\aminescent\documents\github\ysys\thedll\intermediate\ijl15.vcxproj.midlrt.rsp
c:\users\aminescent\documents\github\ysys\thedll\intermediate\ijl15.vcxproj.filelistabsolute.txt
c:\users\aminescent\documents\github\ysys\thedll\intermediate\ijl15.tlog\cl.command.1.tlog
c:\users\aminescent\documents\github\ysys\thedll\intermediate\ijl15.tlog\cl.items.tlog
c:\users\aminescent\documents\github\ysys\thedll\intermediate\ijl15.tlog\cl.read.1.tlog
c:\users\aminescent\documents\github\ysys\thedll\intermediate\ijl15.tlog\cl.write.1.tlog
c:\users\aminescent\documents\github\ysys\thedll\intermediate\ijl15.tlog\link.command.1.tlog
c:\users\aminescent\documents\github\ysys\thedll\intermediate\ijl15.tlog\link.read.1.tlog
c:\users\aminescent\documents\github\ysys\thedll\intermediate\ijl15.tlog\link.secondary.1.tlog
c:\users\aminescent\documents\github\ysys\thedll\intermediate\ijl15.tlog\link.write.1.tlog
